#
# There is insufficient memory for the Java Runtime Environment to continue.
# Native memory allocation (mmap) failed to map 264241152 bytes for Failed to commit area from 0x0000000704600000 to 0x0000000714200000 of length 264241152.
# Possible reasons:
#   The system is out of physical RAM or swap space
#   The process is running with CompressedOops enabled, and the Java Heap may be blocking the growth of the native heap
# Possible solutions:
#   Reduce memory load on the system
#   Increase physical memory or swap space
#   Check if swap backing store is full
#   Decrease Java heap size (-Xmx/-Xms)
#   Decrease number of Java threads
#   Decrease Java thread stack sizes (-Xss)
#   Set larger code cache with -XX:ReservedCodeCacheSize=
# This output file may be truncated or incomplete.
#
#  Out of Memory Error (./open/src/hotspot/os/windows/os_windows.cpp:3298), pid=17808, tid=31828
#
# JRE version:  (11.0.21+9) (build )
# Java VM: Java HotSpot(TM) 64-Bit Server VM (11.0.21+9-LTS-193, mixed mode, sharing, tiered, compressed oops, g1 gc, windows-amd64)
# No core dump will be written. Minidumps are not enabled by default on client versions of Windows
#

---------------  S U M M A R Y ------------

Command Line: -Dfile.encoding=UTF-8 Utils.AmericanGolf

Host: 11th Gen Intel(R) Core(TM) i5-1135G7 @ 2.40GHz, 8 cores, 15G,  Windows 11 , 64 bit Build 22621 (10.0.22621.2506)
Time: Wed Dec 13 00:41:26 2023 India Standard Time elapsed time: 0.030935 seconds (0d 0h 0m 0s)

---------------  T H R E A D  ---------------

Current thread (0x000001aeb8458800):  JavaThread "Unknown thread" [_thread_in_vm, id=31828, stack(0x000000811e700000,0x000000811e800000)]

Stack: [0x000000811e700000,0x000000811e800000]
Native frames: (J=compiled Java code, j=interpreted, Vv=VM code, C=native code)
V  [jvm.dll+0x66058a]
V  [jvm.dll+0x7a362f]
V  [jvm.dll+0x7a4cf9]
V  [jvm.dll+0x7a5393]
V  [jvm.dll+0x258f55]
V  [jvm.dll+0x65d8e9]
V  [jvm.dll+0x652495]
V  [jvm.dll+0x31367d]
V  [jvm.dll+0x3134e2]
V  [jvm.dll+0x318116]
V  [jvm.dll+0x360210]
V  [jvm.dll+0x35fc82]
V  [jvm.dll+0x2eed08]
V  [jvm.dll+0x2efe15]
V  [jvm.dll+0x77c687]
V  [jvm.dll+0x77df6f]
V  [jvm.dll+0x36d4b9]
V  [jvm.dll+0x76106f]
V  [jvm.dll+0x3df587]
V  [jvm.dll+0x3e1631]
C  [jli.dll+0x52e7]
C  [ucrtbase.dll+0x29363]
C  [KERNEL32.DLL+0x1257d]
C  [ntdll.dll+0x5aa58]


---------------  P R O C E S S  ---------------

Threads class SMR info:
_java_thread_list=0x000001aeb619b340, length=0, elements={
}

Java Threads: ( => current thread )

Other Threads:
  0x000001aeb846e000 GCTaskThread "GC Thread#0" [stack: 0x000000811e800000,0x000000811e900000] [id=50428]
  0x000001aeb84cb000 ConcurrentGCThread "G1 Main Marker" [stack: 0x000000811e900000,0x000000811ea00000] [id=42828]
  0x000001aeb84cc800 ConcurrentGCThread "G1 Conc#0" [stack: 0x000000811ea00000,0x000000811eb00000] [id=32656]

[error occurred during error reporting (printing all threads), id 0xc0000005, EXCEPTION_ACCESS_VIOLATION (0xc0000005) at pc=0x00007ffdbd69f7c7]

VM state:not at safepoint (not fully initialized)

VM Mutex/Monitor currently owned by a thread:  ([mutex/lock_event])
[0x000001aeb8455360] Heap_lock - owner thread: 0x000001aeb8458800

Heap address: 0x0000000704600000, size: 4026 MB, Compressed Oops mode: Non-zero based: 0x0000000704600000
Narrow klass base: 0x0000000000000000, Narrow klass shift: 0

GC Heap History (0 events):
No events

Deoptimization events (0 events):
No events

Classes redefined (0 events):
No events

Internal exceptions (0 events):
No events

Events (0 events):
No events


Dynamic libraries:
0x00007ff69f930000 - 0x00007ff69f940000 	C:\Program Files\Java\jdk-11\bin\javaw.exe
0x00007ffe3db30000 - 0x00007ffe3dd47000 	C:\WINDOWS\SYSTEM32\ntdll.dll
0x00007ffe3cb40000 - 0x00007ffe3cc04000 	C:\WINDOWS\System32\KERNEL32.DLL
0x00007ffe3aea0000 - 0x00007ffe3b245000 	C:\WINDOWS\System32\KERNELBASE.dll
0x00007ffe3b440000 - 0x00007ffe3b551000 	C:\WINDOWS\System32\ucrtbase.dll
0x00007ffe29d50000 - 0x00007ffe29d6b000 	C:\Program Files\Java\jdk-11\bin\VCRUNTIME140.dll
0x00007ffe23db0000 - 0x00007ffe23dc9000 	C:\Program Files\Java\jdk-11\bin\jli.dll
0x00007ffe3bc30000 - 0x00007ffe3bce1000 	C:\WINDOWS\System32\ADVAPI32.dll
0x00007ffe3d990000 - 0x00007ffe3da37000 	C:\WINDOWS\System32\msvcrt.dll
0x00007ffe3b9a0000 - 0x00007ffe3ba46000 	C:\WINDOWS\System32\sechost.dll
0x00007ffe3b880000 - 0x00007ffe3b997000 	C:\WINDOWS\System32\RPCRT4.dll
0x00007ffe3ba80000 - 0x00007ffe3bc2e000 	C:\WINDOWS\System32\USER32.dll
0x00007ffe18700000 - 0x00007ffe18993000 	C:\WINDOWS\WinSxS\amd64_microsoft.windows.common-controls_6595b64144ccf1df_6.0.22621.2506_none_270c5ae97388e100\COMCTL32.dll
0x00007ffe3b410000 - 0x00007ffe3b436000 	C:\WINDOWS\System32\win32u.dll
0x00007ffe3ba50000 - 0x00007ffe3ba79000 	C:\WINDOWS\System32\GDI32.dll
0x00007ffe3b250000 - 0x00007ffe3b369000 	C:\WINDOWS\System32\gdi32full.dll
0x00007ffe3b370000 - 0x00007ffe3b40a000 	C:\WINDOWS\System32\msvcp_win.dll
0x00007ffe2c200000 - 0x00007ffe2c20a000 	C:\WINDOWS\SYSTEM32\VERSION.dll
0x00007ffe3d940000 - 0x00007ffe3d971000 	C:\WINDOWS\System32\IMM32.DLL
0x00007ffe327d0000 - 0x00007ffe327dc000 	C:\Program Files\Java\jdk-11\bin\vcruntime140_1.dll
0x00007ffe21940000 - 0x00007ffe219ce000 	C:\Program Files\Java\jdk-11\bin\msvcp140.dll
0x00007ffdbd3a0000 - 0x00007ffdbdf0d000 	C:\Program Files\Java\jdk-11\bin\server\jvm.dll
0x00007ffe3bcf0000 - 0x00007ffe3bcf8000 	C:\WINDOWS\System32\PSAPI.DLL
0x00007ffe0a290000 - 0x00007ffe0a299000 	C:\WINDOWS\SYSTEM32\WSOCK32.dll
0x00007ffe2c640000 - 0x00007ffe2c674000 	C:\WINDOWS\SYSTEM32\WINMM.dll
0x00007ffe3c260000 - 0x00007ffe3c2d1000 	C:\WINDOWS\System32\WS2_32.dll
0x00007ffe39d70000 - 0x00007ffe39d88000 	C:\WINDOWS\SYSTEM32\kernel.appcore.dll
0x00007ffe32630000 - 0x00007ffe32640000 	C:\Program Files\Java\jdk-11\bin\verify.dll
0x00007ffe38540000 - 0x00007ffe38773000 	C:\WINDOWS\SYSTEM32\DBGHELP.DLL
0x00007ffe3be50000 - 0x00007ffe3c1d9000 	C:\WINDOWS\System32\combase.dll
0x00007ffe3bd70000 - 0x00007ffe3be47000 	C:\WINDOWS\System32\OLEAUT32.dll
0x00007ffe2a410000 - 0x00007ffe2a442000 	C:\WINDOWS\SYSTEM32\dbgcore.DLL
0x00007ffe3b800000 - 0x00007ffe3b87a000 	C:\WINDOWS\System32\bcryptPrimitives.dll
0x00007ffe23c30000 - 0x00007ffe23c58000 	C:\Program Files\Java\jdk-11\bin\java.dll
0x00007ffe2eb10000 - 0x00007ffe2eb1a000 	C:\Program Files\Java\jdk-11\bin\jimage.dll
0x00007ffe23c10000 - 0x00007ffe23c27000 	C:\Program Files\Java\jdk-11\bin\zip.dll

dbghelp: loaded successfully - version: 4.0.5 - missing functions: none
symbol engine: initialized successfully - sym options: 0x614 - pdb path: .;C:\Program Files\Java\jdk-11\bin;C:\WINDOWS\SYSTEM32;C:\WINDOWS\WinSxS\amd64_microsoft.windows.common-controls_6595b64144ccf1df_6.0.22621.2506_none_270c5ae97388e100;C:\Program Files\Java\jdk-11\bin\server

VM Arguments:
jvm_args: -Dfile.encoding=UTF-8 
java_command: Utils.AmericanGolf
java_class_path (initial): C:\Users\01126A744\New Eclipse-workspace\Cucumber_Project\target\test-classes;C:\Users\01126A744\New Eclipse-workspace\Cucumber_Project\target\classes;C:\Users\01126A744\.m2\repository\org\seleniumhq\selenium\selenium-java\4.15.0\selenium-java-4.15.0.jar;C:\Users\01126A744\.m2\repository\org\seleniumhq\selenium\selenium-api\4.15.0\selenium-api-4.15.0.jar;C:\Users\01126A744\.m2\repository\org\seleniumhq\selenium\selenium-chrome-driver\4.15.0\selenium-chrome-driver-4.15.0.jar;C:\Users\01126A744\.m2\repository\com\google\auto\service\auto-service-annotations\1.1.1\auto-service-annotations-1.1.1.jar;C:\Users\01126A744\.m2\repository\org\seleniumhq\selenium\selenium-chromium-driver\4.15.0\selenium-chromium-driver-4.15.0.jar;C:\Users\01126A744\.m2\repository\org\seleniumhq\selenium\selenium-json\4.15.0\selenium-json-4.15.0.jar;C:\Users\01126A744\.m2\repository\org\seleniumhq\selenium\selenium-manager\4.15.0\selenium-manager-4.15.0.jar;C:\Users\01126A744\.m2\repository\org\seleniumhq\selenium\selenium-devtools-v117\4.15.0\selenium-devtools-v117-4.15.0.jar;C:\Users\01126A744\.m2\repository\org\seleniumhq\selenium\selenium-devtools-v118\4.15.0\selenium-devtools-v118-4.15.0.jar;C:\Users\01126A744\.m2\repository\org\seleniumhq\selenium\selenium-devtools-v119\4.15.0\selenium-devtools-v119-4.15.0.jar;C:\Users\01126A744\.m2\repository\org\seleniumhq\selenium\selenium-devtools-v85\4.15.0\selenium-devtools-v85-4.15.0.jar;C:\Users\01126A744\.m2\repository\org\seleniumhq\selenium\selenium-edge-driver\4.15.0\selenium-edge-driver-4.15.0.jar;C:\Users\01126A744\.m2\repository\org\seleniumhq\selenium\selenium-firefox-driver\4.15.0\selenium-firefox-driver-4.15.0.jar;C:\Users\01126A744\.m2\repository\org\seleniumhq\selenium\selenium-http\4.15.0\selenium-http-4.15.0.jar;C:\Users\01126A744\.m2\repository\dev\failsafe\failsafe\3.3.2\failsafe-3.3.2.jar;C:\Users\01126A744\.m2\repository\org\seleniumhq\selenium\selenium-ie-driver\4.15.0\selenium-ie-driver-4.15.0.jar;C
Launcher Type: SUN_STANDARD

[Global flags]
     intx CICompilerCount                          = 4                                         {product} {ergonomic}
     uint ConcGCThreads                            = 2                                         {product} {ergonomic}
     uint G1ConcRefinementThreads                  = 8                                         {product} {ergonomic}
   size_t G1HeapRegionSize                         = 1048576                                   {product} {ergonomic}
    uintx GCDrainStackTargetSize                   = 64                                        {product} {ergonomic}
   size_t InitialHeapSize                          = 264241152                                 {product} {ergonomic}
   size_t MarkStackSize                            = 4194304                                   {product} {ergonomic}
   size_t MaxHeapSize                              = 4221566976                                {product} {ergonomic}
   size_t MinHeapDeltaBytes                        = 1048576                                   {product} {ergonomic}
    uintx NonNMethodCodeHeapSize                   = 5836300                                {pd product} {ergonomic}
    uintx NonProfiledCodeHeapSize                  = 122910970                              {pd product} {ergonomic}
    uintx ProfiledCodeHeapSize                     = 122910970                              {pd product} {ergonomic}
    uintx ReservedCodeCacheSize                    = 251658240                              {pd product} {ergonomic}
     bool SegmentedCodeCache                       = true                                      {product} {ergonomic}
     bool UseCompressedClassPointers               = true                                 {lp64_product} {ergonomic}
     bool UseCompressedOops                        = true                                 {lp64_product} {ergonomic}
     bool UseG1GC                                  = true                                      {product} {ergonomic}
     bool UseLargePagesIndividualAllocation        = false                                  {pd product} {ergonomic}

Logging:
Log output configuration:
 #0: stdout all=warning uptime,level,tags
 #1: stderr all=off uptime,level,tags

Environment Variables:
JAVA_HOME=C:\Program Files\Java\jdk-11
CLASSPATH=C:\Program Files\Java\jdk-19\bin
PATH=C:\Program Files\Common Files\Oracle\Java\javapath;C:\WINDOWS\system32;C:\WINDOWS;C:\WINDOWS\System32\Wbem;C:\WINDOWS\System32\WindowsPowerShell\v1.0\;C:\WINDOWS\System32\OpenSSH\;C:\Program Files\nodejs\;C:\Program Files\Git\cmd;C:\Program Files\Java\jdk-11\bin;C:\Users\01126A744\AppData\Local\Microsoft\WindowsApps;C:\Users\01126A744\AppData\Roaming\npm;C:\Users\01126A744\AppData\Local\Box\Box Edit\;C:\Program Files\Java\jdk-11\bin;
USERNAME=GirishBhujbal
OS=Windows_NT
PROCESSOR_IDENTIFIER=Intel64 Family 6 Model 140 Stepping 1, GenuineIntel



---------------  S Y S T E M  ---------------

OS: Windows 11 , 64 bit Build 22621 (10.0.22621.2506)
Hyper-V role detected

CPU:total 8 (initial active 8) (4 cores per cpu, 2 threads per core) family 6 model 140 stepping 1 microcode 0xa4, cmov, cx8, fxsr, mmx, sse, sse2, sse3, ssse3, sse4.1, sse4.2, popcnt, avx, avx2, aes, clmul, erms, 3dnowpref, lzcnt, ht, tsc, tscinvbit, bmi1, bmi2, adx, evex, sha, fma

Memory: 4k page, system-wide physical 16103M (766M free)
TotalPageFile size 46468M (AvailPageFile size 85M)
current process WorkingSet (physical memory assigned to process): 11M, peak: 11M
current process commit charge ("private bytes"): 60M, peak: 312M

vm_info: Java HotSpot(TM) 64-Bit Server VM (11.0.21+9-LTS-193) for windows-amd64 JRE (11.0.21+9-LTS-193), built on Sep 13 2023 11:04:38 by "mach5one" with MS VC++ 17.1 (VS2022)

END.
